<?xml version="1.0" encoding="UTF-8"?>
<testng-results ignored="0" total="1" passed="0" failed="1" skipped="0">
  <reporter-output>
  </reporter-output>
  <suite started-at="2024-02-16T11:10:00 IST" name="Suite" finished-at="2024-02-16T11:10:52 IST" duration-ms="52095">
    <groups>
      <group name="cucumber">
        <method signature="AbstractTestNGCucumberTests.runScenario(io.cucumber.testng.PickleWrapper,io.cucumber.testng.FeatureWrapper)[pri:0, instance:runner.testRunner@5c7933ad]" name="runScenario" class="io.cucumber.testng.AbstractTestNGCucumberTests"/>
      </group> <!-- cucumber -->
    </groups>
    <test started-at="2024-02-16T11:10:00 IST" name="Test" finished-at="2024-02-16T11:10:52 IST" duration-ms="52095">
      <class name="runner.testRunner">
        <test-method is-config="true" signature="setUpClass(org.testng.ITestContext)[pri:0, instance:runner.testRunner@5c7933ad]" started-at="2024-02-16T11:10:00 IST" name="setUpClass" finished-at="2024-02-16T11:10:01 IST" duration-ms="1186" status="PASS">
          <params>
            <param index="0">
              <value>
                <![CDATA[org.testng.TestRunner@580902cd]]>
              </value>
            </param>
          </params>
          <reporter-output>
          </reporter-output>
        </test-method> <!-- setUpClass -->
        <test-method signature="runScenario(io.cucumber.testng.PickleWrapper,io.cucumber.testng.FeatureWrapper)[pri:0, instance:runner.testRunner@5c7933ad]" started-at="2024-02-16T11:10:01 IST" name="runScenario" description="Runs Cucumber Scenarios" data-provider="scenarios" finished-at="2024-02-16T11:10:52 IST" duration-ms="50731" status="FAIL">
          <params>
            <param index="0">
              <value>
                <![CDATA["User adds the selected product to the shopping cart"]]>
              </value>
            </param>
            <param index="1">
              <value>
                <![CDATA["Search functionality"]]>
              </value>
            </param>
          </params>
          <exception class="java.lang.AssertionError">
            <message>
              <![CDATA[expected [MSP64LT20025] but found [MSP64LT10025]]]>
            </message>
            <full-stacktrace>
              <![CDATA[java.lang.AssertionError: expected [MSP64LT20025] but found [MSP64LT10025]
at org.testng.Assert.fail(Assert.java:110)
at org.testng.Assert.failNotEquals(Assert.java:1413)
at org.testng.Assert.assertEqualsImpl(Assert.java:149)
at org.testng.Assert.assertEquals(Assert.java:131)
at org.testng.Assert.assertEquals(Assert.java:655)
at org.testng.Assert.assertEquals(Assert.java:665)
at steps.SearchSteps.userSeesCartPageWithProduct(SearchSteps.java:129)
at âœ½.User able to see Cart page with product "MSP64LT20025"(file:///C:/Users/I5310/eclipse-workspace/SDET_Sameer/src/test/resources/feature/search.feature:41)
]]>
            </full-stacktrace>
          </exception> <!-- java.lang.AssertionError -->
          <reporter-output>
          </reporter-output>
        </test-method> <!-- runScenario -->
        <test-method is-config="true" signature="tearDownClass()[pri:0, instance:runner.testRunner@5c7933ad]" started-at="2024-02-16T11:10:52 IST" name="tearDownClass" finished-at="2024-02-16T11:10:52 IST" duration-ms="107" status="PASS">
          <reporter-output>
          </reporter-output>
        </test-method> <!-- tearDownClass -->
      </class> <!-- runner.testRunner -->
    </test> <!-- Test -->
  </suite> <!-- Suite -->
</testng-results>
